app/build/intermediates/manifest_merge_blame_file/debug/manifest-merger-blame-debug-report.txt
1<?xml version="1.0" encoding="utf-8"?>
2<manifest xmlns:android="http://schemas.android.com/apk/res/android"
3    package="com.example.tokodonat"
4    android:versionCode="1"
5    android:versionName="1.0" >
6
7    <uses-sdk
8        android:minSdkVersion="28"
8-->src\main\AndroidManifest.xml
9        android:targetSdkVersion="33" />
9-->src\main\AndroidManifest.xml
10
11    <permission
11-->[androidx.core:core:1.9.0] AndroidManifest.xml:22:5-24:47
12        android:name="com.example.tokodonat.DYNAMIC_RECEIVER_NOT_EXPORTED_PERMISSION"
12-->[androidx.core:core:1.9.0] AndroidManifest.xml:23:9-81
13        android:protectionLevel="signature" />
13-->[androidx.core:core:1.9.0] AndroidManifest.xml:24:9-44
14
15    <uses-permission android:name="com.example.tokodonat.DYNAMIC_RECEIVER_NOT_EXPORTED_PERMISSION" />
15-->[androidx.core:core:1.9.0] AndroidManifest.xml:26:5-97
15-->[androidx.core:core:1.9.0] AndroidManifest.xml:26:22-94
16
17    <application
17-->src\main\AndroidManifest.xml:5:5-77:19
18        android:allowBackup="true"
18-->src\main\AndroidManifest.xml:6:9-35
19        android:appComponentFactory="androidx.core.app.CoreComponentFactory"
19-->[androidx.core:core:1.9.0] AndroidManifest.xml:28:18-86
20        android:dataExtractionRules="@xml/data_extraction_rules"
20-->src\main\AndroidManifest.xml:7:9-65
21        android:debuggable="true"
22        android:extractNativeLibs="false"
23        android:fullBackupContent="@xml/backup_rules"
23-->src\main\AndroidManifest.xml:8:9-54
24        android:icon="@mipmap/ic_launcher"
24-->src\main\AndroidManifest.xml:9:9-43
25        android:label="@string/app_name"
25-->src\main\AndroidManifest.xml:10:9-41
26        android:roundIcon="@mipmap/ic_launcher_round"
26-->src\main\AndroidManifest.xml:11:9-54
27        android:supportsRtl="true"
27-->src\main\AndroidManifest.xml:12:9-35
28        android:testOnly="true"
29        android:theme="@style/Theme.TokoDonat" >
29-->src\main\AndroidManifest.xml:13:9-47
30        <activity
30-->src\main\AndroidManifest.xml:15:9-21:20
31            android:name="com.example.tokodonat.detail_produk2"
31-->src\main\AndroidManifest.xml:16:13-43
32            android:exported="false" >
32-->src\main\AndroidManifest.xml:17:13-37
33            <meta-data
33-->src\main\AndroidManifest.xml:18:13-20:36
34                android:name="android.app.lib_name"
34-->src\main\AndroidManifest.xml:19:17-52
35                android:value="" />
35-->src\main\AndroidManifest.xml:20:17-33
36        </activity>
37        <activity
37-->src\main\AndroidManifest.xml:22:9-28:20
38            android:name="com.example.tokodonat.purchase"
38-->src\main\AndroidManifest.xml:23:13-37
39            android:exported="false" >
39-->src\main\AndroidManifest.xml:24:13-37
40            <meta-data
40-->src\main\AndroidManifest.xml:18:13-20:36
41                android:name="android.app.lib_name"
41-->src\main\AndroidManifest.xml:19:17-52
42                android:value="" />
42-->src\main\AndroidManifest.xml:20:17-33
43        </activity>
44        <activity
44-->src\main\AndroidManifest.xml:29:9-35:20
45            android:name="com.example.tokodonat.menu"
45-->src\main\AndroidManifest.xml:30:13-33
46            android:exported="false" >
46-->src\main\AndroidManifest.xml:31:13-37
47            <meta-data
47-->src\main\AndroidManifest.xml:18:13-20:36
48                android:name="android.app.lib_name"
48-->src\main\AndroidManifest.xml:19:17-52
49                android:value="" />
49-->src\main\AndroidManifest.xml:20:17-33
50        </activity>
51        <activity
51-->src\main\AndroidManifest.xml:36:9-42:20
52            android:name="com.example.tokodonat.closing"
52-->src\main\AndroidManifest.xml:37:13-36
53            android:exported="false" >
53-->src\main\AndroidManifest.xml:38:13-37
54            <meta-data
54-->src\main\AndroidManifest.xml:18:13-20:36
55                android:name="android.app.lib_name"
55-->src\main\AndroidManifest.xml:19:17-52
56                android:value="" />
56-->src\main\AndroidManifest.xml:20:17-33
57        </activity>
58        <activity
58-->src\main\AndroidManifest.xml:43:9-49:20
59            android:name="com.example.tokodonat.detail_produk"
59-->src\main\AndroidManifest.xml:44:13-42
60            android:exported="false" >
60-->src\main\AndroidManifest.xml:45:13-37
61            <meta-data
61-->src\main\AndroidManifest.xml:18:13-20:36
62                android:name="android.app.lib_name"
62-->src\main\AndroidManifest.xml:19:17-52
63                android:value="" />
63-->src\main\AndroidManifest.xml:20:17-33
64        </activity>
65        <activity
65-->src\main\AndroidManifest.xml:50:9-56:20
66            android:name="com.example.tokodonat.profile"
66-->src\main\AndroidManifest.xml:51:13-36
67            android:exported="false" >
67-->src\main\AndroidManifest.xml:52:13-37
68            <meta-data
68-->src\main\AndroidManifest.xml:18:13-20:36
69                android:name="android.app.lib_name"
69-->src\main\AndroidManifest.xml:19:17-52
70                android:value="" />
70-->src\main\AndroidManifest.xml:20:17-33
71        </activity>
72        <activity
72-->src\main\AndroidManifest.xml:57:9-63:20
73            android:name="com.example.tokodonat.homepage"
73-->src\main\AndroidManifest.xml:58:13-37
74            android:exported="false" >
74-->src\main\AndroidManifest.xml:59:13-37
75            <meta-data
75-->src\main\AndroidManifest.xml:18:13-20:36
76                android:name="android.app.lib_name"
76-->src\main\AndroidManifest.xml:19:17-52
77                android:value="" />
77-->src\main\AndroidManifest.xml:20:17-33
78        </activity>
79        <activity
79-->src\main\AndroidManifest.xml:64:9-76:20
80            android:name="com.example.tokodonat.MainActivity"
80-->src\main\AndroidManifest.xml:65:13-41
81            android:exported="true" >
81-->src\main\AndroidManifest.xml:66:13-36
82            <intent-filter>
82-->src\main\AndroidManifest.xml:67:13-71:29
83                <action android:name="android.intent.action.MAIN" />
83-->src\main\AndroidManifest.xml:68:17-69
83-->src\main\AndroidManifest.xml:68:25-66
84
85                <category android:name="android.intent.category.LAUNCHER" />
85-->src\main\AndroidManifest.xml:70:17-77
85-->src\main\AndroidManifest.xml:70:27-74
86            </intent-filter>
87
88            <meta-data
88-->src\main\AndroidManifest.xml:18:13-20:36
89                android:name="android.app.lib_name"
89-->src\main\AndroidManifest.xml:19:17-52
90                android:value="" />
90-->src\main\AndroidManifest.xml:20:17-33
91        </activity>
92
93        <provider
93-->[androidx.emoji2:emoji2:1.2.0] AndroidManifest.xml:24:9-32:20
94            android:name="androidx.startup.InitializationProvider"
94-->[androidx.emoji2:emoji2:1.2.0] AndroidManifest.xml:25:13-67
95            android:authorities="com.example.tokodonat.androidx-startup"
95-->[androidx.emoji2:emoji2:1.2.0] AndroidManifest.xml:26:13-68
96            android:exported="false" >
96-->[androidx.emoji2:emoji2:1.2.0] AndroidManifest.xml:27:13-37
97            <meta-data
97-->[androidx.emoji2:emoji2:1.2.0] AndroidManifest.xml:29:13-31:52
98                android:name="androidx.emoji2.text.EmojiCompatInitializer"
98-->[androidx.emoji2:emoji2:1.2.0] AndroidManifest.xml:30:17-75
99                android:value="androidx.startup" />
99-->[androidx.emoji2:emoji2:1.2.0] AndroidManifest.xml:31:17-49
100            <meta-data
100-->[androidx.lifecycle:lifecycle-process:2.4.1] AndroidManifest.xml:31:13-33:52
101                android:name="androidx.lifecycle.ProcessLifecycleInitializer"
101-->[androidx.lifecycle:lifecycle-process:2.4.1] AndroidManifest.xml:32:17-78
102                android:value="androidx.startup" />
102-->[androidx.lifecycle:lifecycle-process:2.4.1] AndroidManifest.xml:33:17-49
103        </provider>
104    </application>
105
106</manifest>